[debug] [2024-10-24T20:35:51.118Z] ----------------------------------------------------------------------
[debug] [2024-10-24T20:35:51.121Z] Command:       C:\Program Files\nodejs\node.exe C:\Users\ROG\AppData\Roaming\npm\node_modules\firebase-tools\lib\bin\firebase.js init
[debug] [2024-10-24T20:35:51.121Z] CLI Version:   13.23.0
[debug] [2024-10-24T20:35:51.121Z] Platform:      win32
[debug] [2024-10-24T20:35:51.121Z] Node Version:  v22.8.0
[debug] [2024-10-24T20:35:51.122Z] Time:          Fri Oct 25 2024 02:05:51 GMT+0530 (भारतीय मानक समय)
[debug] [2024-10-24T20:35:51.122Z] ----------------------------------------------------------------------
[debug] 
[debug] [2024-10-24T20:35:51.131Z] > command requires scopes: ["email","openid","https://www.googleapis.com/auth/cloudplatformprojects.readonly","https://www.googleapis.com/auth/firebase","https://www.googleapis.com/auth/cloud-platform"]
[debug] [2024-10-24T20:35:51.131Z] > authorizing via signed-in user (balakrishnasahu08@gmail.com)
[info] 
     ######## #### ########  ######## ########     ###     ######  ########
     ##        ##  ##     ## ##       ##     ##  ##   ##  ##       ##
     ######    ##  ########  ######   ########  #########  ######  ######
     ##        ##  ##    ##  ##       ##     ## ##     ##       ## ##
     ##       #### ##     ## ######## ########  ##     ##  ######  ########

You're about to initialize a Firebase project in this directory:

  C:\Users\ROG\Desktop\git repo6

[info] 
=== Project Setup
[info] 
[info] First, let's associate this project directory with a Firebase project.
[info] You can create multiple project aliases by running firebase use --add, 
[info] but for now we'll just set up a default project.
[info] 
[debug] [2024-10-24T20:36:03.301Z] Checked if tokens are valid: false, expires at: 1729801983112
[debug] [2024-10-24T20:36:03.301Z] Checked if tokens are valid: false, expires at: 1729801983112
[debug] [2024-10-24T20:36:03.302Z] > refreshing access token with scopes: []
[debug] [2024-10-24T20:36:03.303Z] >>> [apiv2][query] POST https://www.googleapis.com/oauth2/v3/token [none]
[debug] [2024-10-24T20:36:03.303Z] >>> [apiv2][body] POST https://www.googleapis.com/oauth2/v3/token [omitted]
[debug] [2024-10-24T20:36:03.730Z] <<< [apiv2][status] POST https://www.googleapis.com/oauth2/v3/token 200
[debug] [2024-10-24T20:36:03.730Z] <<< [apiv2][body] POST https://www.googleapis.com/oauth2/v3/token [omitted]
[debug] [2024-10-24T20:36:03.736Z] >>> [apiv2][query] GET https://firebase.googleapis.com/v1beta1/projects pageSize=100
[debug] [2024-10-24T20:36:04.827Z] <<< [apiv2][status] GET https://firebase.googleapis.com/v1beta1/projects 200
[debug] [2024-10-24T20:36:04.828Z] <<< [apiv2][body] GET https://firebase.googleapis.com/v1beta1/projects [omitted]
[info] i  Using project art-tract-tive (Art-tract-tive) 
[info] 
=== Hosting Setup
[debug] [2024-10-24T20:36:09.879Z] Checked if tokens are valid: true, expires at: 1729805762730
[debug] [2024-10-24T20:36:09.879Z] Checked if tokens are valid: true, expires at: 1729805762730
[debug] [2024-10-24T20:36:09.879Z] >>> [apiv2][query] GET https://firebase.googleapis.com/v1beta1/projects/art-tract-tive [none]
[debug] [2024-10-24T20:36:10.605Z] <<< [apiv2][status] GET https://firebase.googleapis.com/v1beta1/projects/art-tract-tive 200
[debug] [2024-10-24T20:36:10.605Z] <<< [apiv2][body] GET https://firebase.googleapis.com/v1beta1/projects/art-tract-tive {"projectId":"art-tract-tive","projectNumber":"954754537062","displayName":"Art-tract-tive","name":"projects/art-tract-tive","resources":{"hostingSite":"art-tract-tive"},"state":"ACTIVE","etag":"1_3fb9f927-e4ce-42ac-8b42-885545a24631"}
[info] 
[info] Your public directory is the folder (relative to your project directory) that
[info] will contain Hosting assets to be uploaded with firebase deploy. If you
[info] have a build process for your assets, use your build's output directory.
[info] 
[info] +  Wrote public/404.html 
[debug] [2024-10-24T20:36:59.454Z] >>> [apiv2][query] GET https://www.gstatic.com/firebasejs/releases.json [none]
[debug] [2024-10-24T20:36:59.726Z] <<< [apiv2][status] GET https://www.gstatic.com/firebasejs/releases.json 200
[debug] [2024-10-24T20:36:59.726Z] <<< [apiv2][body] GET https://www.gstatic.com/firebasejs/releases.json {"current":{"version":"11.0.1","browserURL":"https://www.gstatic.com/firebasejs/11.0.1/firebase.js","packageURL":"https://www.gstatic.com/firebasejs/11.0.1/firebase.tgz"},"live":{"version":"11.0","browserURL":"https://www.gstatic.com/firebasejs/live/11.0/firebase.js","packageURL":"https://www.gstatic.com/firebasejs/live/11.0/firebase.tgz"},"components":{"analytics":"https://www.gstatic.com/firebasejs/11.0.1/firebase-analytics.js","app":"https://www.gstatic.com/firebasejs/11.0.1/firebase-app.js","app-check":"https://www.gstatic.com/firebasejs/11.0.1/firebase-app-check.js","auth":"https://www.gstatic.com/firebasejs/11.0.1/firebase-auth.js","auth/cordova":"https://www.gstatic.com/firebasejs/11.0.1/firebase-auth/cordova.js","auth/web-extension":"https://www.gstatic.com/firebasejs/11.0.1/firebase-auth/web-extension.js","functions":"https://www.gstatic.com/firebasejs/11.0.1/firebase-functions.js","firestore":"https://www.gstatic.com/firebasejs/11.0.1/firebase-firestore.js","firestore/lite":"https://www.gstatic.com/firebasejs/11.0.1/firebase-firestore/lite.js","installations":"https://www.gstatic.com/firebasejs/11.0.1/firebase-installations.js","storage":"https://www.gstatic.com/firebasejs/11.0.1/firebase-storage.js","performance":"https://www.gstatic.com/firebasejs/11.0.1/firebase-performance.js","remote-config":"https://www.gstatic.com/firebasejs/11.0.1/firebase-remote-config.js","messaging":"https://www.gstatic.com/firebasejs/11.0.1/firebase-messaging.js","messaging/sw":"https://www.gstatic.com/firebasejs/11.0.1/firebase-messaging/sw.js","database":"https://www.gstatic.com/firebasejs/11.0.1/firebase-database.js","vertexai":"https://www.gstatic.com/firebasejs/11.0.1/firebase-vertexai.js","data-connect":"https://www.gstatic.com/firebasejs/11.0.1/firebase-data-connect.js","firestore.memory":"https://www.gstatic.com/firebasejs/11.0.1/firebase-firestore.memory.js"}}
[info] i  Skipping write of public/index.html 
[info] 
[info] i  Writing configuration info to firebase.json... 
[info] i  Writing project information to .firebaserc... 
[info] i  Writing gitignore file to .gitignore... 
[info] 
[info] +  Firebase initialization complete! 
